<?xml version="1.0" encoding="UTF-8"?>
<testsuite name="com.freshbazaar.identity.service.api.IdentityServiceApiApplicationTests" tests="1" skipped="0" failures="0" errors="0" timestamp="2026-03-15T15:01:14.238Z" hostname="Ajays-MacBook-Air.local" time="0.292">
  <properties/>
  <testcase name="contextLoads()" classname="com.freshbazaar.identity.service.api.IdentityServiceApiApplicationTests" time="0.292"/>
  <system-out><![CDATA[20:31:11.405 [Test worker] INFO org.springframework.test.context.support.AnnotationConfigContextLoaderUtils -- Could not detect default configuration classes for test class [com.freshbazaar.identity.service.api.IdentityServiceApiApplicationTests]: IdentityServiceApiApplicationTests does not declare any static, non-private, non-final, nested classes annotated with @Configuration.
20:31:11.455 [Test worker] INFO org.springframework.boot.test.context.SpringBootTestContextBootstrapper -- Found @SpringBootConfiguration com.freshbazaar.identity.service.api.IdentityServiceApiApplication for test class com.freshbazaar.identity.service.api.IdentityServiceApiApplicationTests

  .   ____          _            __ _ _
 /\\ / ___'_ __ _ _(_)_ __  __ _ \ \ \ \
( ( )\___ | '_ | '_| | '_ \/ _` | \ \ \ \
 \\/  ___)| |_)| | | | | || (_| |  ) ) ) )
  '  |____| .__|_| |_|_| |_\__, | / / / /
 =========|_|==============|___/=/_/_/_/

 :: Spring Boot ::                (v4.0.1)

2026-03-15T20:31:11.642+05:30  INFO 86286 --- [identity-service-api] [    Test worker] i.s.a.IdentityServiceApiApplicationTests : Starting IdentityServiceApiApplicationTests using Java 21.0.9 with PID 86286 (started by ajaysmac in /Users/ajaysmac/Desktop/DEV/FreshBazaar/services/identity-service-api)
2026-03-15T20:31:11.643+05:30  INFO 86286 --- [identity-service-api] [    Test worker] i.s.a.IdentityServiceApiApplicationTests : No active profile set, falling back to 1 default profile: "default"
2026-03-15T20:31:11.994+05:30  INFO 86286 --- [identity-service-api] [    Test worker] .s.d.r.c.RepositoryConfigurationDelegate : Bootstrapping Spring Data JPA repositories in DEFAULT mode.
2026-03-15T20:31:12.024+05:30  INFO 86286 --- [identity-service-api] [    Test worker] .s.d.r.c.RepositoryConfigurationDelegate : Finished Spring Data repository scanning in 25 ms. Found 1 JPA repository interface.
2026-03-15T20:31:12.284+05:30  INFO 86286 --- [identity-service-api] [    Test worker] com.zaxxer.hikari.HikariDataSource       : HikariPool-1 - Starting...
2026-03-15T20:31:12.419+05:30  INFO 86286 --- [identity-service-api] [    Test worker] com.zaxxer.hikari.pool.HikariPool        : HikariPool-1 - Added connection org.postgresql.jdbc.PgConnection@578b2dec
2026-03-15T20:31:12.420+05:30  INFO 86286 --- [identity-service-api] [    Test worker] com.zaxxer.hikari.HikariDataSource       : HikariPool-1 - Start completed.
2026-03-15T20:31:12.444+05:30  INFO 86286 --- [identity-service-api] [    Test worker] org.flywaydb.core.FlywayExecutor         : Database: jdbc:postgresql://localhost:5432/freshbazaar?currentSchema=identity_service_api (PostgreSQL 15.15)
2026-03-15T20:31:12.481+05:30  INFO 86286 --- [identity-service-api] [    Test worker] o.f.core.internal.command.DbValidate     : Successfully validated 2 migrations (execution time 00:00.016s)
2026-03-15T20:31:12.532+05:30  INFO 86286 --- [identity-service-api] [    Test worker] o.f.core.internal.command.DbMigrate      : Current version of schema "identity_service_api": 1
2026-03-15T20:31:12.535+05:30  INFO 86286 --- [identity-service-api] [    Test worker] o.f.core.internal.command.DbMigrate      : Schema "identity_service_api" is up to date. No migration necessary.
2026-03-15T20:31:12.588+05:30  INFO 86286 --- [identity-service-api] [    Test worker] org.hibernate.orm.jpa                    : HHH008540: Processing PersistenceUnitInfo [name: default]
2026-03-15T20:31:12.615+05:30  INFO 86286 --- [identity-service-api] [    Test worker] org.hibernate.orm.core                   : HHH000001: Hibernate ORM core version 7.2.0.Final
2026-03-15T20:31:12.841+05:30  INFO 86286 --- [identity-service-api] [    Test worker] o.s.o.j.p.SpringPersistenceUnitInfo      : No LoadTimeWeaver setup: ignoring JPA class transformer
2026-03-15T20:31:13.045+05:30  INFO 86286 --- [identity-service-api] [    Test worker] org.hibernate.orm.connections.pooling    : HHH10001005: Database info:
	Database JDBC URL [jdbc:postgresql://localhost:5432/freshbazaar?currentSchema=identity_service_api]
	Database driver: PostgreSQL JDBC Driver
	Database dialect: PostgreSQLDialect
	Database version: 15.15
	Default catalog/schema: freshbazaar/identity_service_api
	Autocommit mode: undefined/unknown
	Isolation level: READ_COMMITTED [default READ_COMMITTED]
	JDBC fetch size: none
	Pool: DataSourceConnectionProvider
	Minimum pool size: undefined/unknown
	Maximum pool size: undefined/unknown
2026-03-15T20:31:13.626+05:30  INFO 86286 --- [identity-service-api] [    Test worker] org.hibernate.orm.core                   : HHH000489: No JTA platform available (set 'hibernate.transaction.jta.platform' to enable JTA platform integration)
2026-03-15T20:31:13.665+05:30  INFO 86286 --- [identity-service-api] [    Test worker] j.LocalContainerEntityManagerFactoryBean : Initialized JPA EntityManagerFactory for persistence unit 'default'
2026-03-15T20:31:13.713+05:30  INFO 86286 --- [identity-service-api] [    Test worker] o.s.d.j.r.query.QueryEnhancerFactories   : Hibernate is in classpath; If applicable, HQL parser will be used.
2026-03-15T20:31:13.873+05:30  WARN 86286 --- [identity-service-api] [    Test worker] JpaBaseConfiguration$JpaWebConfiguration : spring.jpa.open-in-view is enabled by default. Therefore, database queries may be performed during view rendering. Explicitly configure spring.jpa.open-in-view to disable this warning
2026-03-15T20:31:14.095+05:30  WARN 86286 --- [identity-service-api] [    Test worker] .s.a.UserDetailsServiceAutoConfiguration : 

Using generated security password: ca7450da-b167-458d-9931-6f52952218c7

This generated password is for development use only. Your security configuration must be updated before running your application in production.

2026-03-15T20:31:14.115+05:30  INFO 86286 --- [identity-service-api] [    Test worker] r$InitializeUserDetailsManagerConfigurer : Global AuthenticationManager configured with UserDetailsService bean with name inMemoryUserDetailsManager
2026-03-15T20:31:14.232+05:30  INFO 86286 --- [identity-service-api] [    Test worker] i.s.a.IdentityServiceApiApplicationTests : Started IdentityServiceApiApplicationTests in 2.715 seconds (process running for 3.5)
2026-03-15T20:31:14.233+05:30  WARN 86286 --- [identity-service-api] [    Test worker] o.s.core.events.SpringDocAppInitializer  : SpringDoc /v3/api-docs endpoint is enabled by default. To disable it in production, set the property 'springdoc.api-docs.enabled=false'
2026-03-15T20:31:14.233+05:30  WARN 86286 --- [identity-service-api] [    Test worker] o.s.core.events.SpringDocAppInitializer  : SpringDoc /swagger-ui.html endpoint is enabled by default. To disable it in production, set the property 'springdoc.swagger-ui.enabled=false'
]]></system-out>
  <system-err><![CDATA[Mockito is currently self-attaching to enable the inline-mock-maker. This will no longer work in future releases of the JDK. Please add Mockito as an agent to your build as described in Mockito's documentation: https://javadoc.io/doc/org.mockito/mockito-core/latest/org.mockito/org/mockito/Mockito.html#0.3
WARNING: A Java agent has been loaded dynamically (/Users/ajaysmac/.gradle/caches/modules-2/files-2.1/net.bytebuddy/byte-buddy-agent/1.17.8/f09415827a71be7ed621c7bd02550678f28bc81c/byte-buddy-agent-1.17.8.jar)
WARNING: If a serviceability tool is in use, please run with -XX:+EnableDynamicAgentLoading to hide this warning
WARNING: If a serviceability tool is not in use, please run with -Djdk.instrument.traceUsage for more information
WARNING: Dynamic loading of agents will be disallowed by default in a future release
]]></system-err>
</testsuite>
